[0m10:48:12.891389 [debug] [MainThread]: Sending event: {'category': 'dbt', 'action': 'invocation', 'label': 'start', 'context': [<snowplow_tracker.self_describing_json.SelfDescribingJson object at 0x7f0dee2392b0>, <snowplow_tracker.self_describing_json.SelfDescribingJson object at 0x7f0defba8050>, <snowplow_tracker.self_describing_json.SelfDescribingJson object at 0x7f0dedab6e90>]}


============================== 10:48:12.894810 | d40b171f-9508-4d04-8551-004e8e7f1166 ==============================
[0m10:48:12.894810 [info ] [MainThread]: Running with dbt=1.11.8
[0m10:48:12.895460 [debug] [MainThread]: running dbt with arguments {'version_check': 'True', 'invocation_command': 'dbt init bts_airline', 'quiet': 'False', 'debug': 'False', 'no_print': 'None', 'introspect': 'True', 'empty': 'None', 'profiles_dir': '/home/alicemputer/.dbt', 'send_anonymous_usage_stats': 'True', 'partial_parse': 'True', 'warn_error': 'None', 'warn_error_options': 'WarnErrorOptionsV2(error=[], warn=[], silence=[])', 'static_parser': 'True', 'log_path': 'logs', 'indirect_selection': 'eager', 'target_path': 'None', 'write_json': 'True', 'use_experimental_parser': 'False', 'use_colors': 'True', 'printer_width': '80', 'log_format': 'default', 'fail_fast': 'False', 'log_cache_events': 'False', 'cache_selected_only': 'False'}
[0m10:48:12.921947 [info ] [MainThread]: Creating dbt configuration folder at /home/alicemputer/.dbt
[0m10:48:12.925163 [debug] [MainThread]: Starter project path: /home/alicemputer/.local/share/uv/tools/dbt-core/lib/python3.13/site-packages/dbt/include/starter_project
[0m10:48:12.943202 [info ] [MainThread]: 
Your new dbt project "bts_airline" was created!

For more information on how to configure the profiles.yml file,
please consult the dbt documentation here:

  https://docs.getdbt.com/docs/configure-your-profile

One more thing:

Need help? Don't hesitate to reach out to us via GitHub issues or on Slack:

  https://community.getdbt.com/

Happy modeling!

[0m10:48:12.943720 [info ] [MainThread]: Setting up your profile.
[0m10:50:39.870240 [info ] [MainThread]: Profile bts_airline written to /home/alicemputer/.dbt/profiles.yml using target's profile_template.yml and your supplied values. Run 'dbt debug' to validate the connection.
[0m10:50:39.871657 [debug] [MainThread]: Resource report: {"command_name": "init", "command_success": true, "command_wall_clock_time": 147.02888, "process_in_blocks": "2584", "process_kernel_time": 0.409451, "process_mem_max_rss": "224552", "process_out_blocks": "80", "process_user_time": 1.717641}
[0m10:50:39.872733 [debug] [MainThread]: Command `dbt init` succeeded at 10:50:39.872540 after 147.03 seconds
[0m10:50:39.873291 [debug] [MainThread]: Sending event: {'category': 'dbt', 'action': 'invocation', 'label': 'end', 'context': [<snowplow_tracker.self_describing_json.SelfDescribingJson object at 0x7f0dd4246d70>, <snowplow_tracker.self_describing_json.SelfDescribingJson object at 0x7f0ded4870b0>, <snowplow_tracker.self_describing_json.SelfDescribingJson object at 0x7f0dd42429c0>]}
[0m10:50:39.873935 [debug] [MainThread]: Flushing usage events
[0m10:50:40.736543 [debug] [MainThread]: An error was encountered while trying to flush usage events
[0m10:55:34.950957 [debug] [MainThread]: Sending event: {'category': 'dbt', 'action': 'invocation', 'label': 'start', 'context': [<snowplow_tracker.self_describing_json.SelfDescribingJson object at 0x7f9bf98592b0>, <snowplow_tracker.self_describing_json.SelfDescribingJson object at 0x7f9bfb1ec050>, <snowplow_tracker.self_describing_json.SelfDescribingJson object at 0x7f9bf90f6e90>]}


============================== 10:55:34.953853 | 8404265e-dbf6-4a54-8555-f479afd4d0f6 ==============================
[0m10:55:34.953853 [info ] [MainThread]: Running with dbt=1.11.8
[0m10:55:34.954338 [debug] [MainThread]: running dbt with arguments {'version_check': 'True', 'send_anonymous_usage_stats': 'True', 'empty': 'None', 'quiet': 'False', 'target_path': 'None', 'log_cache_events': 'False', 'use_experimental_parser': 'False', 'invocation_command': 'dbt debug', 'profiles_dir': '/home/alicemputer/.dbt', 'debug': 'False', 'cache_selected_only': 'False', 'no_print': 'None', 'warn_error': 'None', 'static_parser': 'True', 'indirect_selection': 'eager', 'use_colors': 'True', 'log_path': 'logs', 'printer_width': '80', 'partial_parse': 'True', 'fail_fast': 'False', 'log_format': 'default', 'warn_error_options': 'WarnErrorOptionsV2(error=[], warn=[], silence=[])', 'introspect': 'True', 'write_json': 'True'}
[0m10:55:34.967689 [info ] [MainThread]: dbt version: 1.11.8
[0m10:55:34.968101 [info ] [MainThread]: python version: 3.13.11
[0m10:55:34.968407 [info ] [MainThread]: python path: /home/alicemputer/.local/share/uv/tools/dbt-core/bin/python
[0m10:55:34.968711 [info ] [MainThread]: os info: Linux-5.15.167.4-microsoft-standard-WSL2-x86_64-with-glibc2.35
[0m10:55:35.568813 [info ] [MainThread]: Using profiles dir at /home/alicemputer/.dbt
[0m10:55:35.569382 [info ] [MainThread]: Using profiles.yml file at /home/alicemputer/.dbt/profiles.yml
[0m10:55:35.569742 [info ] [MainThread]: Using dbt_project.yml file at /home/alicemputer/bd_project/analytics/dbt/dbt_project.yml
[0m10:55:35.570128 [info ] [MainThread]: adapter type: bigquery
[0m10:55:35.570464 [info ] [MainThread]: adapter version: 1.11.1
[0m10:55:35.570859 [info ] [MainThread]: Configuration:
[0m10:55:35.571253 [info ] [MainThread]:   profiles.yml file [[32mOK found and valid[0m]
[0m10:55:35.571622 [info ] [MainThread]:   dbt_project.yml file [[31mERROR not found[0m]
[0m10:55:35.572063 [info ] [MainThread]: Required dependencies:
[0m10:55:35.572437 [debug] [MainThread]: Executing "git --help"
[0m10:55:35.574312 [debug] [MainThread]: STDOUT: "b"usage: git [--version] [--help] [-C <path>] [-c <name>=<value>]\n           [--exec-path[=<path>]] [--html-path] [--man-path] [--info-path]\n           [-p | --paginate | -P | --no-pager] [--no-replace-objects] [--bare]\n           [--git-dir=<path>] [--work-tree=<path>] [--namespace=<name>]\n           [--super-prefix=<path>] [--config-env=<name>=<envvar>]\n           <command> [<args>]\n\nThese are common Git commands used in various situations:\n\nstart a working area (see also: git help tutorial)\n   clone     Clone a repository into a new directory\n   init      Create an empty Git repository or reinitialize an existing one\n\nwork on the current change (see also: git help everyday)\n   add       Add file contents to the index\n   mv        Move or rename a file, a directory, or a symlink\n   restore   Restore working tree files\n   rm        Remove files from the working tree and from the index\n\nexamine the history and state (see also: git help revisions)\n   bisect    Use binary search to find the commit that introduced a bug\n   diff      Show changes between commits, commit and working tree, etc\n   grep      Print lines matching a pattern\n   log       Show commit logs\n   show      Show various types of objects\n   status    Show the working tree status\n\ngrow, mark and tweak your common history\n   branch    List, create, or delete branches\n   commit    Record changes to the repository\n   merge     Join two or more development histories together\n   rebase    Reapply commits on top of another base tip\n   reset     Reset current HEAD to the specified state\n   switch    Switch branches\n   tag       Create, list, delete or verify a tag object signed with GPG\n\ncollaborate (see also: git help workflows)\n   fetch     Download objects and refs from another repository\n   pull      Fetch from and integrate with another repository or a local branch\n   push      Update remote refs along with associated objects\n\n'git help -a' and 'git help -g' list available subcommands and some\nconcept guides. See 'git help <command>' or 'git help <concept>'\nto read about a specific subcommand or concept.\nSee 'git help git' for an overview of the system.\n""
[0m10:55:35.574746 [debug] [MainThread]: STDERR: "b''"
[0m10:55:35.575091 [info ] [MainThread]:  - git [[32mOK found[0m]

[0m10:55:35.575438 [info ] [MainThread]: Connection:
[0m10:55:35.575857 [info ] [MainThread]:   method: service-account
[0m10:55:35.576252 [info ] [MainThread]:   database: bd-project-cemputer
[0m10:55:35.576665 [info ] [MainThread]:   execution_project: bd-project-cemputer
[0m10:55:35.577071 [info ] [MainThread]:   schema: bts_dbt
[0m10:55:35.577443 [info ] [MainThread]:   location: EU
[0m10:55:35.577823 [info ] [MainThread]:   priority: interactive
[0m10:55:35.578206 [info ] [MainThread]:   maximum_bytes_billed: None
[0m10:55:35.578589 [info ] [MainThread]:   impersonate_service_account: None
[0m10:55:35.578977 [info ] [MainThread]:   job_retry_deadline_seconds: None
[0m10:55:35.579304 [info ] [MainThread]:   job_retries: 1
[0m10:55:35.579627 [info ] [MainThread]:   job_creation_timeout_seconds: None
[0m10:55:35.579945 [info ] [MainThread]:   job_execution_timeout_seconds: 300
[0m10:55:35.580253 [info ] [MainThread]:   timeout_seconds: 300
[0m10:55:35.580595 [info ] [MainThread]:   client_id: None
[0m10:55:35.580973 [info ] [MainThread]:   token_uri: None
[0m10:55:35.581372 [info ] [MainThread]:   compute_region: None
[0m10:55:35.581762 [info ] [MainThread]:   dataproc_cluster_name: None
[0m10:55:35.582246 [info ] [MainThread]:   gcs_bucket: None
[0m10:55:35.582591 [info ] [MainThread]:   dataproc_batch: None
[0m10:55:35.583048 [info ] [MainThread]: Registered adapter: bigquery=1.11.1
[0m10:55:35.683771 [debug] [MainThread]: Acquiring new bigquery connection 'debug'
[0m10:55:35.684150 [debug] [MainThread]: On debug: select 1 as id
[0m10:55:35.684476 [debug] [MainThread]: Opening a new connection, currently in state init
[0m10:55:38.684286 [debug] [MainThread]: BigQuery adapter: https://console.cloud.google.com/bigquery?project=bd-project-cemputer&j=bq:EU:7a1ab420-ab49-4008-b830-5bd3d028da6b&page=queryresults
[0m10:55:38.971947 [debug] [MainThread]: SQL status: OK in 0.287 seconds
[0m10:55:39.198952 [info ] [MainThread]:   Connection test: [[32mOK connection ok[0m]

[0m10:55:39.199686 [info ] [MainThread]: [31m1 check failed:[0m
[0m10:55:39.200183 [info ] [MainThread]: Project loading failed for the following reason:
 project path </home/alicemputer/bd_project/analytics/dbt/dbt_project.yml> not found

[0m10:55:39.200955 [debug] [MainThread]: Resource report: {"command_name": "debug", "command_success": false, "command_wall_clock_time": 4.293659, "process_in_blocks": "5392", "process_kernel_time": 0.315937, "process_mem_max_rss": "237468", "process_out_blocks": "32", "process_user_time": 1.954862}
[0m10:55:39.201577 [debug] [MainThread]: Command `dbt debug` failed at 10:55:39.201449 after 4.29 seconds
[0m10:55:39.201979 [debug] [MainThread]: Connection 'debug' was properly closed.
[0m10:55:39.202424 [debug] [MainThread]: Sending event: {'category': 'dbt', 'action': 'invocation', 'label': 'end', 'context': [<snowplow_tracker.self_describing_json.SelfDescribingJson object at 0x7f9bdb7b4d60>, <snowplow_tracker.self_describing_json.SelfDescribingJson object at 0x7f9bdb7b3410>, <snowplow_tracker.self_describing_json.SelfDescribingJson object at 0x7f9bdb873570>]}
[0m10:55:39.202882 [debug] [MainThread]: Flushing usage events
[0m10:55:40.034304 [debug] [MainThread]: An error was encountered while trying to flush usage events
